0 info it worked if it ends with ok
1 verbose cli [ '/usr/bin/node', '/usr/bin/npm', 'run', 'build' ]
2 info using npm@1.4.3
3 info using node@v0.10.26
4 verbose node symlink /usr/bin/node
5 verbose run-script [ 'prebuild', 'build', 'postbuild' ]
6 info prebuild ctrack@0.0.1
7 info build ctrack@0.0.1
8 verbose unsafe-perm in lifecycle true
9 info ctrack@0.0.1 Failed to exec build script
10 error ctrack@0.0.1 build: `node js/bake.js && node node_modules/browserify/bin/cmd.js -r ./js/ctrack.js:ctrack -d -o jslib/ctrack.js && node node_modules/uglify-js/bin/uglifyjs jslib/ctrack.js -o jslib/ctrack.min.js`
10 error Exit status 1
11 error Failed at the ctrack@0.0.1 build script.
11 error This is most likely a problem with the ctrack package,
11 error not with npm itself.
11 error Tell the author that this fails on your system:
11 error     node js/bake.js && node node_modules/browserify/bin/cmd.js -r ./js/ctrack.js:ctrack -d -o jslib/ctrack.js && node node_modules/uglify-js/bin/uglifyjs jslib/ctrack.js -o jslib/ctrack.min.js
11 error You can get their info via:
11 error     npm owner ls ctrack
11 error There is likely additional logging output above.
12 error System Linux 3.11.0-19-generic
13 error command "/usr/bin/node" "/usr/bin/npm" "run" "build"
14 error cwd /home/kriss/iati/iati-js/ctrack
15 error node -v v0.10.26
16 error npm -v 1.4.3
17 error code ELIFECYCLE
18 verbose exit [ 1, true ]
